<?xml version="1.0" encoding="UTF-8"?>
<testng-results skipped="0" failed="0" ignored="0" total="1" passed="1">
  <reporter-output>
  </reporter-output>
  <suite name="Default suite" duration-ms="147634" started-at="2022-05-27T10:25:20Z" finished-at="2022-05-27T10:27:47Z">
    <groups>
    </groups>
    <test name="Default test" duration-ms="147634" started-at="2022-05-27T10:25:20Z" finished-at="2022-05-27T10:27:47Z">
      <class name="TestSuites.timesheet">
        <test-method status="PASS" signature="invokeBrowser()[pri:0, instance:TestSuites.timesheet@4d1b0d2a]" name="invokeBrowser" is-config="true" duration-ms="32065" started-at="2022-05-27T10:25:20Z" finished-at="2022-05-27T10:25:52Z">
          <reporter-output>
          </reporter-output>
        </test-method> <!-- invokeBrowser -->
        <test-method status="PASS" signature="testCases()[pri:1, instance:TestSuites.timesheet@4d1b0d2a]" name="testCases" duration-ms="112396" started-at="2022-05-27T10:25:52Z" finished-at="2022-05-27T10:27:44Z">
          <reporter-output>
          </reporter-output>
        </test-method> <!-- testCases -->
        <test-method status="PASS" signature="closeBrowser()[pri:0, instance:TestSuites.timesheet@4d1b0d2a]" name="closeBrowser" is-config="true" duration-ms="3064" started-at="2022-05-27T10:27:44Z" finished-at="2022-05-27T10:27:47Z">
          <reporter-output>
          </reporter-output>
        </test-method> <!-- closeBrowser -->
      </class> <!-- TestSuites.timesheet -->
    </test> <!-- Default test -->
  </suite> <!-- Default suite -->
</testng-results>
